c:\users\eka00\onedrive\documents\cpe 310 ta work\c project\c_project\c_project\x64\debug\vc143.pdb
c:\users\eka00\onedrive\documents\cpe 310 ta work\c project\c_project\c_project\x64\debug\vc143.idb
c:\users\eka00\onedrive\documents\cpe 310 ta work\c project\c_project\c_project\x64\debug\sw.obj
c:\users\eka00\onedrive\documents\cpe 310 ta work\c project\c_project\c_project\x64\debug\sub.obj
c:\users\eka00\onedrive\documents\cpe 310 ta work\c project\c_project\c_project\x64\debug\slt.obj
c:\users\eka00\onedrive\documents\cpe 310 ta work\c project\c_project\c_project\x64\debug\mult.obj
c:\users\eka00\onedrive\documents\cpe 310 ta work\c project\c_project\c_project\x64\debug\mips_interpreter.obj
c:\users\eka00\onedrive\documents\cpe 310 ta work\c project\c_project\c_project\x64\debug\mflo.obj
c:\users\eka00\onedrive\documents\cpe 310 ta work\c project\c_project\c_project\x64\debug\lw.obj
c:\users\eka00\onedrive\documents\cpe 310 ta work\c project\c_project\c_project\x64\debug\jr.obj
c:\users\eka00\onedrive\documents\cpe 310 ta work\c project\c_project\c_project\x64\debug\jal.obj
c:\users\eka00\onedrive\documents\cpe 310 ta work\c project\c_project\c_project\x64\debug\j.obj
c:\users\eka00\onedrive\documents\cpe 310 ta work\c project\c_project\c_project\x64\debug\bne.obj
c:\users\eka00\onedrive\documents\cpe 310 ta work\c project\c_project\c_project\x64\debug\beq.obj
c:\users\eka00\onedrive\documents\cpe 310 ta work\c project\c_project\c_project\x64\debug\addi.obj
c:\users\eka00\onedrive\documents\cpe 310 ta work\c project\c_project\c_project\x64\debug\mips_instruction.obj
c:\users\eka00\onedrive\documents\cpe 310 ta work\c project\c_project\c_project\x64\debug\andi.obj
c:\users\eka00\onedrive\documents\cpe 310 ta work\c project\c_project\c_project\x64\debug\and.obj
c:\users\eka00\onedrive\documents\cpe 310 ta work\c project\c_project\c_project\x64\debug\slti.obj
c:\users\eka00\onedrive\documents\cpe 310 ta work\c project\c_project\c_project\x64\debug\ori.obj
c:\users\eka00\onedrive\documents\cpe 310 ta work\c project\c_project\c_project\x64\debug\or.obj
c:\users\eka00\onedrive\documents\cpe 310 ta work\c project\c_project\c_project\x64\debug\mfhi.obj
c:\users\eka00\onedrive\documents\cpe 310 ta work\c project\c_project\c_project\x64\debug\lui.obj
c:\users\eka00\onedrive\documents\cpe 310 ta work\c project\c_project\c_project\x64\debug\div.obj
c:\users\eka00\onedrive\documents\cpe 310 ta work\c project\c_project\c_project\x64\debug\add.obj
c:\users\eka00\onedrive\documents\cpe 310 ta work\c project\c_project\c_project\x64\debug\c_project.ilk
c:\users\eka00\onedrive\documents\cpe 310 ta work\c project\c_project\x64\debug\c_project.pdb
c:\users\eka00\onedrive\documents\cpe 310 ta work\c project\c_project\x64\debug\c_project.exe
c:\users\eka00\onedrive\documents\cpe 310 ta work\c project\c_project\c_project\x64\debug\c_project.tlog\cl.command.1.tlog
c:\users\eka00\onedrive\documents\cpe 310 ta work\c project\c_project\c_project\x64\debug\c_project.tlog\cl.items.tlog
c:\users\eka00\onedrive\documents\cpe 310 ta work\c project\c_project\c_project\x64\debug\c_project.tlog\cl.read.1.tlog
c:\users\eka00\onedrive\documents\cpe 310 ta work\c project\c_project\c_project\x64\debug\c_project.tlog\cl.write.1.tlog
c:\users\eka00\onedrive\documents\cpe 310 ta work\c project\c_project\c_project\x64\debug\c_project.tlog\link.command.1.tlog
c:\users\eka00\onedrive\documents\cpe 310 ta work\c project\c_project\c_project\x64\debug\c_project.tlog\link.read.1.tlog
c:\users\eka00\onedrive\documents\cpe 310 ta work\c project\c_project\c_project\x64\debug\c_project.tlog\link.secondary.1.tlog
c:\users\eka00\onedrive\documents\cpe 310 ta work\c project\c_project\c_project\x64\debug\c_project.tlog\link.write.1.tlog
